<?xml version="1.0" encoding="UTF-8"?>
<robot generator="Robot 6.1.1 (Python 3.12.1 on win32)" generated="20240424 02:47:27.653" rpa="false" schemaversion="4">
<suite id="s1" name="Amazon" source="Z:\cursoUdemy\webTesting\amazon.robot">
<test id="s1-t1" name="CT01 - Acesso ao menu &quot;Eletrônicos&quot;" line="11">
<kw name="Abrir o navegador" library="main" type="SETUP">
<kw name="Open Browser" library="SeleniumLibrary">
<arg>browser=chrome</arg>
<doc>Opens a new browser instance to the optional ``url``.</doc>
<msg timestamp="20240424 02:47:27.847" level="INFO">Opening browser 'chrome' to base url 'None'.</msg>
<status status="PASS" starttime="20240424 02:47:27.847" endtime="20240424 02:47:29.298"/>
</kw>
<kw name="Maximize Browser Window" library="SeleniumLibrary">
<doc>Maximizes current browser window.</doc>
<status status="PASS" starttime="20240424 02:47:29.298" endtime="20240424 02:47:29.320"/>
</kw>
<status status="PASS" starttime="20240424 02:47:27.847" endtime="20240424 02:47:29.320"/>
</kw>
<kw name="Acessar a home page do site Amazon.com.br" library="main">
<kw name="Go To" library="SeleniumLibrary">
<arg>url=${amazon}</arg>
<doc>Navigates the current browser window to the provided ``url``.</doc>
<msg timestamp="20240424 02:47:29.321" level="INFO">Opening url 'https://www.amazon.com.br/'</msg>
<status status="PASS" starttime="20240424 02:47:29.321" endtime="20240424 02:47:29.961"/>
</kw>
<kw name="Wait Until Element Is Visible" library="SeleniumLibrary">
<arg>${menu_eletronicos}</arg>
<doc>Waits until the element ``locator`` is visible.</doc>
<msg timestamp="20240424 02:47:35.221" level="INFO" html="true">&lt;/td&gt;&lt;/tr&gt;&lt;tr&gt;&lt;td colspan="3"&gt;&lt;a href="selenium-screenshot-1.png"&gt;&lt;img src="selenium-screenshot-1.png" width="800px"&gt;&lt;/a&gt;</msg>
<msg timestamp="20240424 02:47:35.221" level="FAIL">Element '//a[@href='/Eletronicos-e-Tecnologia/b/?ie=UTF8&amp;node=16209062011&amp;ref_=nav_cs_electronics'][contains(.,'Eletrônicos')]' not visible after 5 seconds.</msg>
<status status="FAIL" starttime="20240424 02:47:29.961" endtime="20240424 02:47:35.230"/>
</kw>
<status status="FAIL" starttime="20240424 02:47:29.321" endtime="20240424 02:47:35.230"/>
</kw>
<kw name="Entrar no menu &quot;Eletrônicos&quot;" library="main">
<status status="NOT RUN" starttime="20240424 02:47:35.230" endtime="20240424 02:47:35.230"/>
</kw>
<kw name="Verificar se aparece a frase &quot;Eletrônicos e Tecnologia&quot;" library="main">
<status status="NOT RUN" starttime="20240424 02:47:35.231" endtime="20240424 02:47:35.231"/>
</kw>
<kw name="Verificar se o título da página fica &quot;Eletrônicos e Tecnologia | Amazon.com.br&quot;" library="main" sourcename="Verificar se o título da página fica &quot;${title}&quot;">
<status status="NOT RUN" starttime="20240424 02:47:35.231" endtime="20240424 02:47:35.231"/>
</kw>
<kw name="Verificar se aparece a categoria &quot;Computadores e Informática&quot;" library="main" sourcename="Verificar se aparece a categoria &quot;${categoria}&quot;">
<status status="NOT RUN" starttime="20240424 02:47:35.232" endtime="20240424 02:47:35.232"/>
</kw>
<kw name="Fechar o navegador" library="main" type="TEARDOWN">
<kw name="Capture Page Screenshot" library="SeleniumLibrary">
<doc>Takes a screenshot of the current page and embeds it into a log file.</doc>
<msg timestamp="20240424 02:47:35.325" level="INFO" html="true">&lt;/td&gt;&lt;/tr&gt;&lt;tr&gt;&lt;td colspan="3"&gt;&lt;a href="selenium-screenshot-2.png"&gt;&lt;img src="selenium-screenshot-2.png" width="800px"&gt;&lt;/a&gt;</msg>
<status status="PASS" starttime="20240424 02:47:35.232" endtime="20240424 02:47:35.325"/>
</kw>
<kw name="Close Browser" library="SeleniumLibrary">
<doc>Closes the current browser.</doc>
<status status="PASS" starttime="20240424 02:47:35.325" endtime="20240424 02:47:37.422"/>
</kw>
<status status="PASS" starttime="20240424 02:47:35.232" endtime="20240424 02:47:37.422"/>
</kw>
<doc>Esse teste verifica o menu de Eletrônicos do site da Amazon.com.br
E verifica a categoria computadores e Informática</doc>
<tag>CT01</tag>
<status status="FAIL" starttime="20240424 02:47:27.847" endtime="20240424 02:47:37.423">Element '//a[@href='/Eletronicos-e-Tecnologia/b/?ie=UTF8&amp;node=16209062011&amp;ref_=nav_cs_electronics'][contains(.,'Eletrônicos')]' not visible after 5 seconds.</status>
</test>
<test id="s1-t2" name="CT02 - Pesquisa de um Produto" line="22">
<kw name="Abrir o navegador" library="main" type="SETUP">
<kw name="Open Browser" library="SeleniumLibrary">
<arg>browser=chrome</arg>
<doc>Opens a new browser instance to the optional ``url``.</doc>
<msg timestamp="20240424 02:47:37.424" level="INFO">Opening browser 'chrome' to base url 'None'.</msg>
<status status="PASS" starttime="20240424 02:47:37.424" endtime="20240424 02:47:38.753"/>
</kw>
<kw name="Maximize Browser Window" library="SeleniumLibrary">
<doc>Maximizes current browser window.</doc>
<status status="PASS" starttime="20240424 02:47:38.753" endtime="20240424 02:47:38.775"/>
</kw>
<status status="PASS" starttime="20240424 02:47:37.424" endtime="20240424 02:47:38.775"/>
</kw>
<kw name="Acessar a home page do site Amazon.com.br" library="main">
<kw name="Go To" library="SeleniumLibrary">
<arg>url=${amazon}</arg>
<doc>Navigates the current browser window to the provided ``url``.</doc>
<msg timestamp="20240424 02:47:38.776" level="INFO">Opening url 'https://www.amazon.com.br/'</msg>
<status status="PASS" starttime="20240424 02:47:38.776" endtime="20240424 02:47:39.421"/>
</kw>
<kw name="Wait Until Element Is Visible" library="SeleniumLibrary">
<arg>${menu_eletronicos}</arg>
<doc>Waits until the element ``locator`` is visible.</doc>
<msg timestamp="20240424 02:47:44.701" level="INFO" html="true">&lt;/td&gt;&lt;/tr&gt;&lt;tr&gt;&lt;td colspan="3"&gt;&lt;a href="selenium-screenshot-3.png"&gt;&lt;img src="selenium-screenshot-3.png" width="800px"&gt;&lt;/a&gt;</msg>
<msg timestamp="20240424 02:47:44.701" level="FAIL">Element '//a[@href='/Eletronicos-e-Tecnologia/b/?ie=UTF8&amp;node=16209062011&amp;ref_=nav_cs_electronics'][contains(.,'Eletrônicos')]' not visible after 5 seconds.</msg>
<status status="FAIL" starttime="20240424 02:47:39.422" endtime="20240424 02:47:44.701"/>
</kw>
<status status="FAIL" starttime="20240424 02:47:38.776" endtime="20240424 02:47:44.701"/>
</kw>
<kw name="Digitar o nome de produto &quot;Xbox Series S&quot; no campo de pesquisa" library="main" sourcename="Digitar o nome de produto &quot;${produto}&quot; no campo de pesquisa">
<status status="NOT RUN" starttime="20240424 02:47:44.702" endtime="20240424 02:47:44.702"/>
</kw>
<kw name="Clicar no botão de pesquisa" library="main">
<status status="NOT RUN" starttime="20240424 02:47:44.702" endtime="20240424 02:47:44.702"/>
</kw>
<kw name="Verificar o resultado da pesquisa se está listando o produto &quot;Xbox Series S&quot;" library="main" sourcename="Verificar o resultado da pesquisa se está listando o produto &quot;${produto_pesquisado}&quot;">
<status status="NOT RUN" starttime="20240424 02:47:44.703" endtime="20240424 02:47:44.703"/>
</kw>
<kw name="Fechar o navegador" library="main" type="TEARDOWN">
<kw name="Capture Page Screenshot" library="SeleniumLibrary">
<doc>Takes a screenshot of the current page and embeds it into a log file.</doc>
<msg timestamp="20240424 02:47:44.804" level="INFO" html="true">&lt;/td&gt;&lt;/tr&gt;&lt;tr&gt;&lt;td colspan="3"&gt;&lt;a href="selenium-screenshot-4.png"&gt;&lt;img src="selenium-screenshot-4.png" width="800px"&gt;&lt;/a&gt;</msg>
<status status="PASS" starttime="20240424 02:47:44.703" endtime="20240424 02:47:44.804"/>
</kw>
<kw name="Close Browser" library="SeleniumLibrary">
<doc>Closes the current browser.</doc>
<status status="PASS" starttime="20240424 02:47:44.804" endtime="20240424 02:47:46.925"/>
</kw>
<status status="PASS" starttime="20240424 02:47:44.703" endtime="20240424 02:47:46.925"/>
</kw>
<doc>Esse teste verifica a busca de um Xbox Series S</doc>
<tag>CT02</tag>
<status status="FAIL" starttime="20240424 02:47:37.424" endtime="20240424 02:47:46.926">Element '//a[@href='/Eletronicos-e-Tecnologia/b/?ie=UTF8&amp;node=16209062011&amp;ref_=nav_cs_electronics'][contains(.,'Eletrônicos')]' not visible after 5 seconds.</status>
</test>
<test id="s1-t3" name="CT03 - Pesquisa PS5" line="30">
<kw name="Abrir o navegador" library="main" type="SETUP">
<kw name="Open Browser" library="SeleniumLibrary">
<arg>browser=chrome</arg>
<doc>Opens a new browser instance to the optional ``url``.</doc>
<msg timestamp="20240424 02:47:46.927" level="INFO">Opening browser 'chrome' to base url 'None'.</msg>
<status status="PASS" starttime="20240424 02:47:46.927" endtime="20240424 02:47:48.239"/>
</kw>
<kw name="Maximize Browser Window" library="SeleniumLibrary">
<doc>Maximizes current browser window.</doc>
<status status="PASS" starttime="20240424 02:47:48.240" endtime="20240424 02:47:48.261"/>
</kw>
<status status="PASS" starttime="20240424 02:47:46.927" endtime="20240424 02:47:48.261"/>
</kw>
<kw name="Acessar a home page do site Amazon.com.br" library="main">
<kw name="Go To" library="SeleniumLibrary">
<arg>url=${amazon}</arg>
<doc>Navigates the current browser window to the provided ``url``.</doc>
<msg timestamp="20240424 02:47:48.262" level="INFO">Opening url 'https://www.amazon.com.br/'</msg>
<status status="PASS" starttime="20240424 02:47:48.262" endtime="20240424 02:47:48.901"/>
</kw>
<kw name="Wait Until Element Is Visible" library="SeleniumLibrary">
<arg>${menu_eletronicos}</arg>
<doc>Waits until the element ``locator`` is visible.</doc>
<msg timestamp="20240424 02:47:54.164" level="INFO" html="true">&lt;/td&gt;&lt;/tr&gt;&lt;tr&gt;&lt;td colspan="3"&gt;&lt;a href="selenium-screenshot-5.png"&gt;&lt;img src="selenium-screenshot-5.png" width="800px"&gt;&lt;/a&gt;</msg>
<msg timestamp="20240424 02:47:54.164" level="FAIL">Element '//a[@href='/Eletronicos-e-Tecnologia/b/?ie=UTF8&amp;node=16209062011&amp;ref_=nav_cs_electronics'][contains(.,'Eletrônicos')]' not visible after 5 seconds.</msg>
<status status="FAIL" starttime="20240424 02:47:48.902" endtime="20240424 02:47:54.164"/>
</kw>
<status status="FAIL" starttime="20240424 02:47:48.262" endtime="20240424 02:47:54.165"/>
</kw>
<kw name="Digitar o nome de produto &quot;Playstation 5&quot; no campo de pesquisa" library="main" sourcename="Digitar o nome de produto &quot;${produto}&quot; no campo de pesquisa">
<status status="NOT RUN" starttime="20240424 02:47:54.165" endtime="20240424 02:47:54.165"/>
</kw>
<kw name="Clicar no botão de pesquisa" library="main">
<status status="NOT RUN" starttime="20240424 02:47:54.165" endtime="20240424 02:47:54.165"/>
</kw>
<kw name="Verificar o resultado da pesquisa se está listando o produto &quot;Playstation 5&quot;" library="main" sourcename="Verificar o resultado da pesquisa se está listando o produto &quot;${produto_pesquisado}&quot;">
<status status="NOT RUN" starttime="20240424 02:47:54.165" endtime="20240424 02:47:54.165"/>
</kw>
<kw name="Fechar o navegador" library="main" type="TEARDOWN">
<kw name="Capture Page Screenshot" library="SeleniumLibrary">
<doc>Takes a screenshot of the current page and embeds it into a log file.</doc>
<msg timestamp="20240424 02:47:54.262" level="INFO" html="true">&lt;/td&gt;&lt;/tr&gt;&lt;tr&gt;&lt;td colspan="3"&gt;&lt;a href="selenium-screenshot-6.png"&gt;&lt;img src="selenium-screenshot-6.png" width="800px"&gt;&lt;/a&gt;</msg>
<status status="PASS" starttime="20240424 02:47:54.166" endtime="20240424 02:47:54.262"/>
</kw>
<kw name="Close Browser" library="SeleniumLibrary">
<doc>Closes the current browser.</doc>
<status status="PASS" starttime="20240424 02:47:54.262" endtime="20240424 02:47:56.343"/>
</kw>
<status status="PASS" starttime="20240424 02:47:54.166" endtime="20240424 02:47:56.343"/>
</kw>
<doc>Esse teste verifica a busca de um Playstation 5</doc>
<tag>CT03</tag>
<status status="FAIL" starttime="20240424 02:47:46.927" endtime="20240424 02:47:56.344">Element '//a[@href='/Eletronicos-e-Tecnologia/b/?ie=UTF8&amp;node=16209062011&amp;ref_=nav_cs_electronics'][contains(.,'Eletrônicos')]' not visible after 5 seconds.</status>
</test>
<test id="s1-t4" name="CT04 - Pesquisa Nintendo Switch" line="38">
<kw name="Abrir o navegador" library="main" type="SETUP">
<kw name="Open Browser" library="SeleniumLibrary">
<arg>browser=chrome</arg>
<doc>Opens a new browser instance to the optional ``url``.</doc>
<msg timestamp="20240424 02:47:56.345" level="INFO">Opening browser 'chrome' to base url 'None'.</msg>
<status status="PASS" starttime="20240424 02:47:56.345" endtime="20240424 02:47:57.596"/>
</kw>
<kw name="Maximize Browser Window" library="SeleniumLibrary">
<doc>Maximizes current browser window.</doc>
<status status="PASS" starttime="20240424 02:47:57.596" endtime="20240424 02:47:57.620"/>
</kw>
<status status="PASS" starttime="20240424 02:47:56.345" endtime="20240424 02:47:57.620"/>
</kw>
<kw name="Acessar a home page do site Amazon.com.br" library="main">
<kw name="Go To" library="SeleniumLibrary">
<arg>url=${amazon}</arg>
<doc>Navigates the current browser window to the provided ``url``.</doc>
<msg timestamp="20240424 02:47:57.621" level="INFO">Opening url 'https://www.amazon.com.br/'</msg>
<status status="PASS" starttime="20240424 02:47:57.621" endtime="20240424 02:47:58.275"/>
</kw>
<kw name="Wait Until Element Is Visible" library="SeleniumLibrary">
<arg>${menu_eletronicos}</arg>
<doc>Waits until the element ``locator`` is visible.</doc>
<msg timestamp="20240424 02:48:01.168" level="WARN">Keyword 'Capture Page Screenshot' could not be run on failure: Message: no such window: target window already closed
from unknown error: web view not found
  (Session info: chrome=124.0.6367.61)
Stacktrace:
	GetHandleVerifier [0x00007FF7F8341522+60802]
	(No symbol) [0x00007FF7F82BAC22]
	(No symbol) [0x00007FF7F8177CE4]
	(No symbol) [0x00007FF7F814DFDF]
	(No symbol) [0x00007FF7F81F1E57]
	(No symbol) [0x00007FF7F82098D1]
	(No symbol) [0x00007FF7F81EA923]
	(No symbol) [0x00007FF7F81B8FEC]
	(No symbol) [0x00007FF7F81B9C21]
	GetHandleVerifier [0x00007FF7F864413D+3217821]
	GetHandleVerifier [0x00007FF7F86860D7+3488055]
	GetHandleVerifier [0x00007FF7F867F05F+3459263]
	GetHandleVerifier [0x00007FF7F83FB866+823494]
	(No symbol) [0x00007FF7F82C5FBF]
	(No symbol) [0x00007FF7F82C0EE4]
	(No symbol) [0x00007FF7F82C1072]
	(No symbol) [0x00007FF7F82B18C4]
	BaseThreadInitThunk [0x00007FF836E7257D+29]
	RtlUserThreadStart [0x00007FF837C4AA48+40]
</msg>
<msg timestamp="20240424 02:48:01.170" level="FAIL">NoSuchWindowException: Message: no such window: target window already closed
from unknown error: web view not found
  (Session info: chrome=124.0.6367.61)
Stacktrace:
	GetHandleVerifier [0x00007FF7F8341522+60802]
	(No symbol) [0x00007FF7F82BAC22]
	(No symbol) [0x00007FF7F8177CE4]
	(No symbol) [0x00007FF7F814DFDF]
	(No symbol) [0x00007FF7F81F1E57]
	(No symbol) [0x00007FF7F82098D1]
	(No symbol) [0x00007FF7F81EA923]
	(No symbol) [0x00007FF7F81B8FEC]
	(No symbol) [0x00007FF7F81B9C21]
	GetHandleVerifier [0x00007FF7F864413D+3217821]
	GetHandleVerifier [0x00007FF7F86860D7+3488055]
	GetHandleVerifier [0x00007FF7F867F05F+3459263]
	GetHandleVerifier [0x00007FF7F83FB866+823494]
	(No symbol) [0x00007FF7F82C5FBF]
	(No symbol) [0x00007FF7F82C0EE4]
	(No symbol) [0x00007FF7F82C1072]
	(No symbol) [0x00007FF7F82B18C4]
	BaseThreadInitThunk [0x00007FF836E7257D+29]
	RtlUserThreadStart [0x00007FF837C4AA48+40]
</msg>
<status status="FAIL" starttime="20240424 02:47:58.275" endtime="20240424 02:48:01.189"/>
</kw>
<status status="FAIL" starttime="20240424 02:47:57.621" endtime="20240424 02:48:01.189"/>
</kw>
<kw name="Digitar o nome de produto &quot;Nintendo Switch&quot; no campo de pesquisa" library="main" sourcename="Digitar o nome de produto &quot;${produto}&quot; no campo de pesquisa">
<status status="NOT RUN" starttime="20240424 02:48:01.189" endtime="20240424 02:48:01.189"/>
</kw>
<kw name="Clicar no botão de pesquisa" library="main">
<status status="NOT RUN" starttime="20240424 02:48:01.190" endtime="20240424 02:48:01.190"/>
</kw>
<kw name="Verificar o resultado da pesquisa se está listando o produto &quot;Nintendo Switch&quot;" library="main" sourcename="Verificar o resultado da pesquisa se está listando o produto &quot;${produto_pesquisado}&quot;">
<status status="NOT RUN" starttime="20240424 02:48:01.190" endtime="20240424 02:48:01.190"/>
</kw>
<kw name="Fechar o navegador" library="main" type="TEARDOWN">
<kw name="Capture Page Screenshot" library="SeleniumLibrary">
<doc>Takes a screenshot of the current page and embeds it into a log file.</doc>
<msg timestamp="20240424 02:48:01.194" level="WARN">Keyword 'Capture Page Screenshot' could not be run on failure: Message: no such window: target window already closed
from unknown error: web view not found
  (Session info: chrome=124.0.6367.61)
Stacktrace:
	GetHandleVerifier [0x00007FF7F8341522+60802]
	(No symbol) [0x00007FF7F82BAC22]
	(No symbol) [0x00007FF7F8177CE4]
	(No symbol) [0x00007FF7F814DFDF]
	(No symbol) [0x00007FF7F81F1E57]
	(No symbol) [0x00007FF7F82098D1]
	(No symbol) [0x00007FF7F81EA923]
	(No symbol) [0x00007FF7F81B8FEC]
	(No symbol) [0x00007FF7F81B9C21]
	GetHandleVerifier [0x00007FF7F864413D+3217821]
	GetHandleVerifier [0x00007FF7F86860D7+3488055]
	GetHandleVerifier [0x00007FF7F867F05F+3459263]
	GetHandleVerifier [0x00007FF7F83FB866+823494]
	(No symbol) [0x00007FF7F82C5FBF]
	(No symbol) [0x00007FF7F82C0EE4]
	(No symbol) [0x00007FF7F82C1072]
	(No symbol) [0x00007FF7F82B18C4]
	BaseThreadInitThunk [0x00007FF836E7257D+29]
	RtlUserThreadStart [0x00007FF837C4AA48+40]
</msg>
<msg timestamp="20240424 02:48:01.197" level="FAIL">NoSuchWindowException: Message: no such window: target window already closed
from unknown error: web view not found
  (Session info: chrome=124.0.6367.61)
Stacktrace:
	GetHandleVerifier [0x00007FF7F8341522+60802]
	(No symbol) [0x00007FF7F82BAC22]
	(No symbol) [0x00007FF7F8177CE4]
	(No symbol) [0x00007FF7F814DFDF]
	(No symbol) [0x00007FF7F81F1E57]
	(No symbol) [0x00007FF7F82098D1]
	(No symbol) [0x00007FF7F81EA923]
	(No symbol) [0x00007FF7F81B8FEC]
	(No symbol) [0x00007FF7F81B9C21]
	GetHandleVerifier [0x00007FF7F864413D+3217821]
	GetHandleVerifier [0x00007FF7F86860D7+3488055]
	GetHandleVerifier [0x00007FF7F867F05F+3459263]
	GetHandleVerifier [0x00007FF7F83FB866+823494]
	(No symbol) [0x00007FF7F82C5FBF]
	(No symbol) [0x00007FF7F82C0EE4]
	(No symbol) [0x00007FF7F82C1072]
	(No symbol) [0x00007FF7F82B18C4]
	BaseThreadInitThunk [0x00007FF836E7257D+29]
	RtlUserThreadStart [0x00007FF837C4AA48+40]
</msg>
<status status="FAIL" starttime="20240424 02:48:01.191" endtime="20240424 02:48:01.206"/>
</kw>
<kw name="Close Browser" library="SeleniumLibrary">
<doc>Closes the current browser.</doc>
<status status="PASS" starttime="20240424 02:48:01.206" endtime="20240424 02:48:03.264"/>
</kw>
<status status="FAIL" starttime="20240424 02:48:01.190" endtime="20240424 02:48:03.264">NoSuchWindowException: Message: no such window: target window already closed
from unknown error: web view not found
  (Session info: chrome=124.0.6367.61)
Stacktrace:
	GetHandleVerifier [0x00007FF7F8341522+60802]
	(No symbol) [0x00007FF7F82BAC22]
	(No symbol) [0x00007FF7F8177CE4]
	(No symbol) [0x00007FF7F814DFDF]
	(No symbol) [0x00007FF7F81F1E57]
	(No symbol) [0x00007FF7F82098D1]
	(No symbol) [0x00007FF7F81EA923]
	(No symbol) [0x00007FF7F81B8FEC]
	(No symbol) [0x00007FF7F81B9C21]
	GetHandleVerifier [0x00007FF7F864413D+3217821]
	GetHandleVerifier [0x00007FF7F86860D7+3488055]
	GetHandleVerifier [0x00007FF7F867F05F+3459263]
	GetHandleVerifier [0x00007FF7F83FB866+823494]
	(No symbol) [0x00007FF7F82C5FBF]
	(No symbol) [0x00007FF7F82C0EE4]
	(No symbol) [0x00007FF7F82C1072]
	(No symbol) [0x00007FF7F82B18C4]
	BaseThreadInitThunk [0x00007FF836E7257D+29]
	RtlUserThreadStart [0x00007FF837C4AA48+40]
</status>
</kw>
<doc>Esse teste verifica a busca de um Playstation 5</doc>
<tag>CT04</tag>
<status status="FAIL" starttime="20240424 02:47:56.344" endtime="20240424 02:48:03.264">NoSuchWindowException: Message: no such window: target window already closed
from unknown error: web view not found
  (Session info: chrome=124.0.6367.61)
Stacktrace:
	GetHandleVerifier [0x00007FF7F8341522+60802]
	(No symbol) [0x00007FF7F82BAC22]
	(No symbol) [0x00007FF7F8177CE4]
	(No symbol) [0x00007FF7F814DFDF]
	(No symbol) [0x00007FF7F81F1E57]
	(No symbol) [0x00007FF7F82098D1]
	(No symbol) [0x00007FF7F81EA923]
	(No symbol) [0x00007FF7F81B8FEC]
	(No symbol) [0x00007FF7F81B9C21]
	GetHandleVerifier [0x00007FF7F864413D+3217821]
	GetHandleVerifier [0x00007FF7F86860D7+3488055]
	GetHandleVerifier [0x00007FF7F867F05F+3459263]
	GetHandleVerifier [0x00007FF7F83FB866+823494]
	(No symbol) [0x00007FF7F82C5FBF]
	(No symbol) [0x00007FF7F82C0EE4]
	(No symbol) [0x00007FF7F82C1072]
	(No symbol) [0x00007FF7F82B18C4]
	BaseThreadInitThunk [0x00007FF836E7257D+29]
	RtlUserThreadStart [0x00007FF837C4AA48+40]


Also teardown failed:
NoSuchWindowException: Message: no such window: target window already closed
from unknown error: web view not found
  (Session info: chrome=124.0.6367.61)
Stacktrace:
	GetHandleVerifier [0x00007FF7F8341522+60802]
	(No symbol) [0x00007FF7F82BAC22]
	(No symbol) [0x00007FF7F8177CE4]
	(No symbol) [0x00007FF7F814DFDF]
	(No symbol) [0x00007FF7F81F1E57]
	(No symbol) [0x00007FF7F82098D1]
	(No symbol) [0x00007FF7F81EA923]
	(No symbol) [0x00007FF7F81B8FEC]
	(No symbol) [0x00007FF7F81B9C21]
	GetHandleVerifier [0x00007FF7F864413D+3217821]
	GetHandleVerifier [0x00007FF7F86860D7+3488055]
	GetHandleVerifier [0x00007FF7F867F05F+3459263]
	GetHandleVerifier [0x00007FF7F83FB866+823494]
	(No symbol) [0x00007FF7F82C5FBF]
	(No symbol) [0x00007FF7F82C0EE4]
	(No symbol) [0x00007FF7F82C1072]
	(No symbol) [0x00007FF7F82B18C4]
	BaseThreadInitThunk [0x00007FF836E7257D+29]
	RtlUserThreadStart [0x00007FF837C4AA48+40]
</status>
</test>
<test id="s1-t5" name="CT04 - Pesquisa Controle PS5" line="46">
<kw name="Abrir o navegador" library="main" type="SETUP">
<kw name="Open Browser" library="SeleniumLibrary">
<arg>browser=chrome</arg>
<doc>Opens a new browser instance to the optional ``url``.</doc>
<msg timestamp="20240424 02:48:03.269" level="INFO">Opening browser 'chrome' to base url 'None'.</msg>
<status status="PASS" starttime="20240424 02:48:03.269" endtime="20240424 02:48:04.592"/>
</kw>
<kw name="Maximize Browser Window" library="SeleniumLibrary">
<doc>Maximizes current browser window.</doc>
<status status="PASS" starttime="20240424 02:48:04.592" endtime="20240424 02:48:04.614"/>
</kw>
<status status="PASS" starttime="20240424 02:48:03.269" endtime="20240424 02:48:04.615"/>
</kw>
<kw name="Acessar a home page do site Amazon.com.br" library="main">
<kw name="Go To" library="SeleniumLibrary">
<arg>url=${amazon}</arg>
<doc>Navigates the current browser window to the provided ``url``.</doc>
<msg timestamp="20240424 02:48:04.615" level="INFO">Opening url 'https://www.amazon.com.br/'</msg>
<status status="PASS" starttime="20240424 02:48:04.615" endtime="20240424 02:48:05.372"/>
</kw>
<kw name="Wait Until Element Is Visible" library="SeleniumLibrary">
<arg>${menu_eletronicos}</arg>
<doc>Waits until the element ``locator`` is visible.</doc>
<msg timestamp="20240424 02:48:06.618" level="WARN">Keyword 'Capture Page Screenshot' could not be run on failure: Message: no such window: target window already closed
from unknown error: web view not found
  (Session info: chrome=124.0.6367.61)
Stacktrace:
	GetHandleVerifier [0x00007FF7F8341522+60802]
	(No symbol) [0x00007FF7F82BAC22]
	(No symbol) [0x00007FF7F8177CE4]
	(No symbol) [0x00007FF7F814DFDF]
	(No symbol) [0x00007FF7F81F1E57]
	(No symbol) [0x00007FF7F82098D1]
	(No symbol) [0x00007FF7F81EA923]
	(No symbol) [0x00007FF7F81B8FEC]
	(No symbol) [0x00007FF7F81B9C21]
	GetHandleVerifier [0x00007FF7F864413D+3217821]
	GetHandleVerifier [0x00007FF7F86860D7+3488055]
	GetHandleVerifier [0x00007FF7F867F05F+3459263]
	GetHandleVerifier [0x00007FF7F83FB866+823494]
	(No symbol) [0x00007FF7F82C5FBF]
	(No symbol) [0x00007FF7F82C0EE4]
	(No symbol) [0x00007FF7F82C1072]
	(No symbol) [0x00007FF7F82B18C4]
	BaseThreadInitThunk [0x00007FF836E7257D+29]
	RtlUserThreadStart [0x00007FF837C4AA48+40]
</msg>
<msg timestamp="20240424 02:48:06.621" level="FAIL">NoSuchWindowException: Message: no such window: target window already closed
from unknown error: web view not found
  (Session info: chrome=124.0.6367.61)
Stacktrace:
	GetHandleVerifier [0x00007FF7F8341522+60802]
	(No symbol) [0x00007FF7F82BAC22]
	(No symbol) [0x00007FF7F8177CE4]
	(No symbol) [0x00007FF7F814DFDF]
	(No symbol) [0x00007FF7F81F1E57]
	(No symbol) [0x00007FF7F82098D1]
	(No symbol) [0x00007FF7F81EA923]
	(No symbol) [0x00007FF7F81B8FEC]
	(No symbol) [0x00007FF7F81B9C21]
	GetHandleVerifier [0x00007FF7F864413D+3217821]
	GetHandleVerifier [0x00007FF7F86860D7+3488055]
	GetHandleVerifier [0x00007FF7F867F05F+3459263]
	GetHandleVerifier [0x00007FF7F83FB866+823494]
	(No symbol) [0x00007FF7F82C5FBF]
	(No symbol) [0x00007FF7F82C0EE4]
	(No symbol) [0x00007FF7F82C1072]
	(No symbol) [0x00007FF7F82B18C4]
	BaseThreadInitThunk [0x00007FF836E7257D+29]
	RtlUserThreadStart [0x00007FF837C4AA48+40]
</msg>
<status status="FAIL" starttime="20240424 02:48:05.372" endtime="20240424 02:48:06.622"/>
</kw>
<status status="FAIL" starttime="20240424 02:48:04.615" endtime="20240424 02:48:06.622"/>
</kw>
<kw name="Digitar o nome de produto &quot;Controle PS5&quot; no campo de pesquisa" library="main" sourcename="Digitar o nome de produto &quot;${produto}&quot; no campo de pesquisa">
<status status="NOT RUN" starttime="20240424 02:48:06.622" endtime="20240424 02:48:06.622"/>
</kw>
<kw name="Clicar no botão de pesquisa" library="main">
<status status="NOT RUN" starttime="20240424 02:48:06.622" endtime="20240424 02:48:06.622"/>
</kw>
<kw name="Verificar o resultado da pesquisa se está listando o produto &quot;Controle PS5&quot;" library="main" sourcename="Verificar o resultado da pesquisa se está listando o produto &quot;${produto_pesquisado}&quot;">
<status status="NOT RUN" starttime="20240424 02:48:06.623" endtime="20240424 02:48:06.623"/>
</kw>
<kw name="Fechar o navegador" library="main" type="TEARDOWN">
<kw name="Capture Page Screenshot" library="SeleniumLibrary">
<doc>Takes a screenshot of the current page and embeds it into a log file.</doc>
<msg timestamp="20240424 02:48:06.626" level="WARN">Keyword 'Capture Page Screenshot' could not be run on failure: Message: no such window: target window already closed
from unknown error: web view not found
  (Session info: chrome=124.0.6367.61)
Stacktrace:
	GetHandleVerifier [0x00007FF7F8341522+60802]
	(No symbol) [0x00007FF7F82BAC22]
	(No symbol) [0x00007FF7F8177CE4]
	(No symbol) [0x00007FF7F814DFDF]
	(No symbol) [0x00007FF7F81F1E57]
	(No symbol) [0x00007FF7F82098D1]
	(No symbol) [0x00007FF7F81EA923]
	(No symbol) [0x00007FF7F81B8FEC]
	(No symbol) [0x00007FF7F81B9C21]
	GetHandleVerifier [0x00007FF7F864413D+3217821]
	GetHandleVerifier [0x00007FF7F86860D7+3488055]
	GetHandleVerifier [0x00007FF7F867F05F+3459263]
	GetHandleVerifier [0x00007FF7F83FB866+823494]
	(No symbol) [0x00007FF7F82C5FBF]
	(No symbol) [0x00007FF7F82C0EE4]
	(No symbol) [0x00007FF7F82C1072]
	(No symbol) [0x00007FF7F82B18C4]
	BaseThreadInitThunk [0x00007FF836E7257D+29]
	RtlUserThreadStart [0x00007FF837C4AA48+40]
</msg>
<msg timestamp="20240424 02:48:06.630" level="FAIL">NoSuchWindowException: Message: no such window: target window already closed
from unknown error: web view not found
  (Session info: chrome=124.0.6367.61)
Stacktrace:
	GetHandleVerifier [0x00007FF7F8341522+60802]
	(No symbol) [0x00007FF7F82BAC22]
	(No symbol) [0x00007FF7F8177CE4]
	(No symbol) [0x00007FF7F814DFDF]
	(No symbol) [0x00007FF7F81F1E57]
	(No symbol) [0x00007FF7F82098D1]
	(No symbol) [0x00007FF7F81EA923]
	(No symbol) [0x00007FF7F81B8FEC]
	(No symbol) [0x00007FF7F81B9C21]
	GetHandleVerifier [0x00007FF7F864413D+3217821]
	GetHandleVerifier [0x00007FF7F86860D7+3488055]
	GetHandleVerifier [0x00007FF7F867F05F+3459263]
	GetHandleVerifier [0x00007FF7F83FB866+823494]
	(No symbol) [0x00007FF7F82C5FBF]
	(No symbol) [0x00007FF7F82C0EE4]
	(No symbol) [0x00007FF7F82C1072]
	(No symbol) [0x00007FF7F82B18C4]
	BaseThreadInitThunk [0x00007FF836E7257D+29]
	RtlUserThreadStart [0x00007FF837C4AA48+40]
</msg>
<status status="FAIL" starttime="20240424 02:48:06.623" endtime="20240424 02:48:06.631"/>
</kw>
<kw name="Close Browser" library="SeleniumLibrary">
<doc>Closes the current browser.</doc>
<status status="PASS" starttime="20240424 02:48:06.631" endtime="20240424 02:48:08.753"/>
</kw>
<status status="FAIL" starttime="20240424 02:48:06.623" endtime="20240424 02:48:08.753">NoSuchWindowException: Message: no such window: target window already closed
from unknown error: web view not found
  (Session info: chrome=124.0.6367.61)
Stacktrace:
	GetHandleVerifier [0x00007FF7F8341522+60802]
	(No symbol) [0x00007FF7F82BAC22]
	(No symbol) [0x00007FF7F8177CE4]
	(No symbol) [0x00007FF7F814DFDF]
	(No symbol) [0x00007FF7F81F1E57]
	(No symbol) [0x00007FF7F82098D1]
	(No symbol) [0x00007FF7F81EA923]
	(No symbol) [0x00007FF7F81B8FEC]
	(No symbol) [0x00007FF7F81B9C21]
	GetHandleVerifier [0x00007FF7F864413D+3217821]
	GetHandleVerifier [0x00007FF7F86860D7+3488055]
	GetHandleVerifier [0x00007FF7F867F05F+3459263]
	GetHandleVerifier [0x00007FF7F83FB866+823494]
	(No symbol) [0x00007FF7F82C5FBF]
	(No symbol) [0x00007FF7F82C0EE4]
	(No symbol) [0x00007FF7F82C1072]
	(No symbol) [0x00007FF7F82B18C4]
	BaseThreadInitThunk [0x00007FF836E7257D+29]
	RtlUserThreadStart [0x00007FF837C4AA48+40]
</status>
</kw>
<doc>Esse teste verifica a busca de um Playstation 5</doc>
<tag>CT05</tag>
<status status="FAIL" starttime="20240424 02:48:03.268" endtime="20240424 02:48:08.753">NoSuchWindowException: Message: no such window: target window already closed
from unknown error: web view not found
  (Session info: chrome=124.0.6367.61)
Stacktrace:
	GetHandleVerifier [0x00007FF7F8341522+60802]
	(No symbol) [0x00007FF7F82BAC22]
	(No symbol) [0x00007FF7F8177CE4]
	(No symbol) [0x00007FF7F814DFDF]
	(No symbol) [0x00007FF7F81F1E57]
	(No symbol) [0x00007FF7F82098D1]
	(No symbol) [0x00007FF7F81EA923]
	(No symbol) [0x00007FF7F81B8FEC]
	(No symbol) [0x00007FF7F81B9C21]
	GetHandleVerifier [0x00007FF7F864413D+3217821]
	GetHandleVerifier [0x00007FF7F86860D7+3488055]
	GetHandleVerifier [0x00007FF7F867F05F+3459263]
	GetHandleVerifier [0x00007FF7F83FB866+823494]
	(No symbol) [0x00007FF7F82C5FBF]
	(No symbol) [0x00007FF7F82C0EE4]
	(No symbol) [0x00007FF7F82C1072]
	(No symbol) [0x00007FF7F82B18C4]
	BaseThreadInitThunk [0x00007FF836E7257D+29]
	RtlUserThreadStart [0x00007FF837C4AA48+40]


Also teardown failed:
NoSuchWindowException: Message: no such window: target window already closed
from unknown error: web view not found
  (Session info: chrome=124.0.6367.61)
Stacktrace:
	GetHandleVerifier [0x00007FF7F8341522+60802]
	(No symbol) [0x00007FF7F82BAC22]
	(No symbol) [0x00007FF7F8177CE4]
	(No symbol) [0x00007FF7F814DFDF]
	(No symbol) [0x00007FF7F81F1E57]
	(No symbol) [0x00007FF7F82098D1]
	(No symbol) [0x00007FF7F81EA923]
	(No symbol) [0x00007FF7F81B8FEC]
	(No symbol) [0x00007FF7F81B9C21]
	GetHandleVerifier [0x00007FF7F864413D+3217821]
	GetHandleVerifier [0x00007FF7F86860D7+3488055]
	GetHandleVerifier [0x00007FF7F867F05F+3459263]
	GetHandleVerifier [0x00007FF7F83FB866+823494]
	(No symbol) [0x00007FF7F82C5FBF]
	(No symbol) [0x00007FF7F82C0EE4]
	(No symbol) [0x00007FF7F82C1072]
	(No symbol) [0x00007FF7F82B18C4]
	BaseThreadInitThunk [0x00007FF836E7257D+29]
	RtlUserThreadStart [0x00007FF837C4AA48+40]
</status>
</test>
<doc>Esta swit testa o site da Amazon.com.br</doc>
<status status="FAIL" starttime="20240424 02:47:27.654" endtime="20240424 02:48:08.758"/>
</suite>
<statistics>
<total>
<stat pass="0" fail="5" skip="0">All Tests</stat>
</total>
<tag>
<stat pass="0" fail="1" skip="0">CT01</stat>
<stat pass="0" fail="1" skip="0">CT02</stat>
<stat pass="0" fail="1" skip="0">CT03</stat>
<stat pass="0" fail="1" skip="0">CT04</stat>
<stat pass="0" fail="1" skip="0">CT05</stat>
</tag>
<suite>
<stat pass="0" fail="5" skip="0" id="s1" name="Amazon">Amazon</stat>
</suite>
</statistics>
<errors>
<msg timestamp="20240424 02:48:01.168" level="WARN">Keyword 'Capture Page Screenshot' could not be run on failure: Message: no such window: target window already closed
from unknown error: web view not found
  (Session info: chrome=124.0.6367.61)
Stacktrace:
	GetHandleVerifier [0x00007FF7F8341522+60802]
	(No symbol) [0x00007FF7F82BAC22]
	(No symbol) [0x00007FF7F8177CE4]
	(No symbol) [0x00007FF7F814DFDF]
	(No symbol) [0x00007FF7F81F1E57]
	(No symbol) [0x00007FF7F82098D1]
	(No symbol) [0x00007FF7F81EA923]
	(No symbol) [0x00007FF7F81B8FEC]
	(No symbol) [0x00007FF7F81B9C21]
	GetHandleVerifier [0x00007FF7F864413D+3217821]
	GetHandleVerifier [0x00007FF7F86860D7+3488055]
	GetHandleVerifier [0x00007FF7F867F05F+3459263]
	GetHandleVerifier [0x00007FF7F83FB866+823494]
	(No symbol) [0x00007FF7F82C5FBF]
	(No symbol) [0x00007FF7F82C0EE4]
	(No symbol) [0x00007FF7F82C1072]
	(No symbol) [0x00007FF7F82B18C4]
	BaseThreadInitThunk [0x00007FF836E7257D+29]
	RtlUserThreadStart [0x00007FF837C4AA48+40]
</msg>
<msg timestamp="20240424 02:48:01.194" level="WARN">Keyword 'Capture Page Screenshot' could not be run on failure: Message: no such window: target window already closed
from unknown error: web view not found
  (Session info: chrome=124.0.6367.61)
Stacktrace:
	GetHandleVerifier [0x00007FF7F8341522+60802]
	(No symbol) [0x00007FF7F82BAC22]
	(No symbol) [0x00007FF7F8177CE4]
	(No symbol) [0x00007FF7F814DFDF]
	(No symbol) [0x00007FF7F81F1E57]
	(No symbol) [0x00007FF7F82098D1]
	(No symbol) [0x00007FF7F81EA923]
	(No symbol) [0x00007FF7F81B8FEC]
	(No symbol) [0x00007FF7F81B9C21]
	GetHandleVerifier [0x00007FF7F864413D+3217821]
	GetHandleVerifier [0x00007FF7F86860D7+3488055]
	GetHandleVerifier [0x00007FF7F867F05F+3459263]
	GetHandleVerifier [0x00007FF7F83FB866+823494]
	(No symbol) [0x00007FF7F82C5FBF]
	(No symbol) [0x00007FF7F82C0EE4]
	(No symbol) [0x00007FF7F82C1072]
	(No symbol) [0x00007FF7F82B18C4]
	BaseThreadInitThunk [0x00007FF836E7257D+29]
	RtlUserThreadStart [0x00007FF837C4AA48+40]
</msg>
<msg timestamp="20240424 02:48:06.618" level="WARN">Keyword 'Capture Page Screenshot' could not be run on failure: Message: no such window: target window already closed
from unknown error: web view not found
  (Session info: chrome=124.0.6367.61)
Stacktrace:
	GetHandleVerifier [0x00007FF7F8341522+60802]
	(No symbol) [0x00007FF7F82BAC22]
	(No symbol) [0x00007FF7F8177CE4]
	(No symbol) [0x00007FF7F814DFDF]
	(No symbol) [0x00007FF7F81F1E57]
	(No symbol) [0x00007FF7F82098D1]
	(No symbol) [0x00007FF7F81EA923]
	(No symbol) [0x00007FF7F81B8FEC]
	(No symbol) [0x00007FF7F81B9C21]
	GetHandleVerifier [0x00007FF7F864413D+3217821]
	GetHandleVerifier [0x00007FF7F86860D7+3488055]
	GetHandleVerifier [0x00007FF7F867F05F+3459263]
	GetHandleVerifier [0x00007FF7F83FB866+823494]
	(No symbol) [0x00007FF7F82C5FBF]
	(No symbol) [0x00007FF7F82C0EE4]
	(No symbol) [0x00007FF7F82C1072]
	(No symbol) [0x00007FF7F82B18C4]
	BaseThreadInitThunk [0x00007FF836E7257D+29]
	RtlUserThreadStart [0x00007FF837C4AA48+40]
</msg>
<msg timestamp="20240424 02:48:06.626" level="WARN">Keyword 'Capture Page Screenshot' could not be run on failure: Message: no such window: target window already closed
from unknown error: web view not found
  (Session info: chrome=124.0.6367.61)
Stacktrace:
	GetHandleVerifier [0x00007FF7F8341522+60802]
	(No symbol) [0x00007FF7F82BAC22]
	(No symbol) [0x00007FF7F8177CE4]
	(No symbol) [0x00007FF7F814DFDF]
	(No symbol) [0x00007FF7F81F1E57]
	(No symbol) [0x00007FF7F82098D1]
	(No symbol) [0x00007FF7F81EA923]
	(No symbol) [0x00007FF7F81B8FEC]
	(No symbol) [0x00007FF7F81B9C21]
	GetHandleVerifier [0x00007FF7F864413D+3217821]
	GetHandleVerifier [0x00007FF7F86860D7+3488055]
	GetHandleVerifier [0x00007FF7F867F05F+3459263]
	GetHandleVerifier [0x00007FF7F83FB866+823494]
	(No symbol) [0x00007FF7F82C5FBF]
	(No symbol) [0x00007FF7F82C0EE4]
	(No symbol) [0x00007FF7F82C1072]
	(No symbol) [0x00007FF7F82B18C4]
	BaseThreadInitThunk [0x00007FF836E7257D+29]
	RtlUserThreadStart [0x00007FF837C4AA48+40]
</msg>
</errors>
</robot>
